Accuracy of the model under NUCLEAR attack: 63.96%
Total time taken for NUCLEAR attack: 178.58 seconds
 
Accuracy of the model under SPECTRAL attack: 58.68%
Total time taken for SPECTRAL attack: 188.78 seconds
 
Accuracy of the model under NUCLEAR attack: 63.96%
Total time taken for NUCLEAR attack: 181.52 seconds
 
Accuracy of the model under SPECTRAL attack: 58.68%
Total time taken for SPECTRAL attack: 150.00 seconds
 
Accuracy of the model under NUCLEAR attack: 55.88%
Total time taken for NUCLEAR attack: 155.51 seconds
 
Accuracy of the model under SPECTRAL attack: 37.52%
Total time taken for SPECTRAL attack: 158.75 seconds
 
Accuracy of the model under NUCLEAR attack: 43.46%
Total time taken for NUCLEAR attack: 1391.60 seconds
 
Accuracy of the model under NUCLEAR attack: 59.42%
Total time taken for NUCLEAR attack: 1346.71 seconds
 
Accuracy of the model under SPECTRAL attack: 56.96%
Total time taken for SPECTRAL attack: 1352.19 seconds
 
Accuracy of the model under NUCLEAR attack: 23.62%
Total time taken for NUCLEAR attack: 1386.77 seconds
 
Accuracy of the model under SPECTRAL attack: 3.06%
Total time taken for SPECTRAL attack: 1336.00 seconds
 
Accuracy of the model under LINF attack: 0.00%
Total time taken for LINF attack: 305.86 seconds
 
Accuracy of the model under NUCLEAR attack: 71.86%
Total time taken for NUCLEAR attack: 1334.29 seconds
 
Accuracy of the model under NUCLEAR attack: 44.17%
Total time taken for NUCLEAR attack: 66.80 seconds
 
Accuracy of the model under SPECTRAL attack: 15.83%
Total time taken for SPECTRAL attack: 66.00 seconds
 
Accuracy of the model under NUCLEAR attack: 37.88%
Total time taken for NUCLEAR attack: 1344.88 seconds
 
Accuracy of the model under SPECTRAL attack: 2.86%
Total time taken for SPECTRAL attack: 1345.10 seconds
 
Accuracy of the model under NUCLEAR attack: 36.56%
Total time taken for NUCLEAR attack: 119.02 seconds
 
Accuracy of the model under SPECTRAL attack: 4.06%
Total time taken for SPECTRAL attack: 102.36 seconds
 
Accuracy of the model under NUCLEAR attack: 36.56%
Total time taken for NUCLEAR attack: 87.41 seconds
 
Accuracy of the model under SPECTRAL attack: 9.06%
Total time taken for SPECTRAL attack: 86.19 seconds
 
Accuracy of the model under SPECTRAL attack: 10.68%
Total time taken for SPECTRAL attack: 1345.91 seconds
 
Accuracy of the model under SPECTRAL attack: 2.82%
Total time taken for SPECTRAL attack: 1334.45 seconds
 
Accuracy of the model under NUCLEAR attack: 37.90%
Total time taken for NUCLEAR attack: 1327.65 seconds
 
Accuracy of the model under NUCLEAR attack: 61.54%
Total time taken for NUCLEAR attack: 281.27 seconds
 
Accuracy of the model under SPECTRAL attack: 37.34%
Total time taken for SPECTRAL attack: 279.55 seconds
 
Accuracy of the model under NUCLEAR attack: 61.54%
Total time taken for NUCLEAR attack: 280.62 seconds
 
Accuracy of the model under SPECTRAL attack: 0.00%
Total time taken for SPECTRAL attack: 278.10 seconds
 
Accuracy of the model under NUCLEAR attack: 61.46%
Total time taken for NUCLEAR attack: 279.33 seconds
 
Accuracy of the model under NUCLEAR attack: 70.62%
Total time taken for NUCLEAR attack: 148.34 seconds
 
Accuracy of the model under SPECTRAL attack: 69.42%
Total time taken for SPECTRAL attack: 147.34 seconds
 
Accuracy of the model under NUCLEAR attack: 62.50%
Total time taken for NUCLEAR attack: 16.16 seconds
 
Accuracy of the model under SPECTRAL attack: 87.50%
Total time taken for SPECTRAL attack: 14.15 seconds
 
Accuracy of the model under NUCLEAR attack: 25.00%
Total time taken for NUCLEAR attack: 15.32 seconds
 
Accuracy of the model under SPECTRAL attack: 87.50%
Total time taken for SPECTRAL attack: 14.03 seconds
 
Accuracy of the model under NUCLEAR attack: 75.00%
Total time taken for NUCLEAR attack: 3.64 seconds
 
Accuracy of the model under SPECTRAL attack: 56.25%
Total time taken for SPECTRAL attack: 1.94 seconds
 
Accuracy of the model under NUCLEAR attack: 56.25%
Total time taken for NUCLEAR attack: 2.01 seconds
 
Accuracy of the model under SPECTRAL attack: 18.75%
Total time taken for SPECTRAL attack: 1.91 seconds
 
Accuracy of the model under NUCLEAR attack: 0.00%
Total time taken for NUCLEAR attack: 5.66 seconds
 
Accuracy of the model under SPECTRAL attack: 0.00%
Total time taken for SPECTRAL attack: 5.73 seconds
 
Accuracy of the model under NUCLEAR attack: 0.00%
Total time taken for NUCLEAR attack: 43.51 seconds
 
Accuracy of the model under SPECTRAL attack: 0.62%
Total time taken for SPECTRAL attack: 44.36 seconds
 
Accuracy of the model under NUCLEAR attack: 1.25%
Total time taken for NUCLEAR attack: 48.74 seconds
 
Accuracy of the model under SPECTRAL attack: 0.62%
Total time taken for SPECTRAL attack: 47.77 seconds
 
Accuracy of the model under NUCLEAR attack: 11.25%
Total time taken for NUCLEAR attack: 45.24 seconds
 
Accuracy of the model under SPECTRAL attack: 18.75%
Total time taken for SPECTRAL attack: 43.65 seconds
 
Accuracy of the model under NUCLEAR attack: 10.00%
Total time taken for NUCLEAR attack: 43.92 seconds
 
Accuracy of the model under SPECTRAL attack: 22.50%
Total time taken for SPECTRAL attack: 43.87 seconds
 
Accuracy of the model under NUCLEAR attack: 1.25%
Total time taken for NUCLEAR attack: 45.70 seconds
 
Accuracy of the model under SPECTRAL attack: 0.00%
Total time taken for SPECTRAL attack: 43.49 seconds
 
Accuracy of the model under NUCLEAR attack: 0.62%
Total time taken for NUCLEAR attack: 45.23 seconds
 
Accuracy of the model under SPECTRAL attack: 0.00%
Total time taken for SPECTRAL attack: 43.62 seconds
 
Accuracy of the model under NUCLEAR attack: 0.84%
Total time taken for NUCLEAR attack: 1329.16 seconds
 
Accuracy of the model under SPECTRAL attack: 0.08%
Total time taken for SPECTRAL attack: 1343.91 seconds
 
