
Epoch: 1/100 - LR: 0.01000
Train Loss: 1.439, Train Acc: 47.192%
Validation Loss: 2.192, Validation Acc: 40.110%
Saving improved model..

Epoch: 2/100 - LR: 0.01000
Train Loss: 0.965, Train Acc: 65.472%
Validation Loss: 1.669, Validation Acc: 53.690%
Saving improved model..

Epoch: 3/100 - LR: 0.01000
Train Loss: 0.737, Train Acc: 74.076%
Validation Loss: 0.743, Validation Acc: 75.020%
Saving improved model..

Epoch: 4/100 - LR: 0.01000
Train Loss: 0.619, Train Acc: 78.410%
Validation Loss: 0.901, Validation Acc: 70.520%

Epoch: 5/100 - LR: 0.01000
Train Loss: 0.548, Train Acc: 81.058%
Validation Loss: 0.613, Validation Acc: 79.660%
Saving improved model..

Epoch: 6/100 - LR: 0.01000
Train Loss: 0.473, Train Acc: 83.490%
Validation Loss: 0.485, Validation Acc: 83.260%
Saving improved model..

Epoch: 7/100 - LR: 0.01000
Train Loss: 0.433, Train Acc: 85.074%
Validation Loss: 0.524, Validation Acc: 82.470%

Epoch: 8/100 - LR: 0.01000
Train Loss: 0.394, Train Acc: 86.400%
Validation Loss: 0.538, Validation Acc: 83.100%

Epoch: 9/100 - LR: 0.01000
Train Loss: 0.363, Train Acc: 87.212%
Validation Loss: 0.534, Validation Acc: 82.010%

Epoch: 10/100 - LR: 0.01000
Train Loss: 0.335, Train Acc: 88.400%
Validation Loss: 0.437, Validation Acc: 85.720%
Saving improved model..

Epoch: 11/100 - LR: 0.01000
Train Loss: 0.311, Train Acc: 89.164%
Validation Loss: 0.448, Validation Acc: 85.870%
Saving improved model..

Epoch: 12/100 - LR: 0.01000
Train Loss: 0.290, Train Acc: 89.816%
Validation Loss: 0.526, Validation Acc: 83.790%

Epoch: 13/100 - LR: 0.01000
Train Loss: 0.278, Train Acc: 90.300%
Validation Loss: 0.462, Validation Acc: 85.440%

Epoch: 14/100 - LR: 0.01000
Train Loss: 0.257, Train Acc: 91.080%
Validation Loss: 0.415, Validation Acc: 86.960%
Saving improved model..

Epoch: 15/100 - LR: 0.01000
Train Loss: 0.243, Train Acc: 91.544%
Validation Loss: 0.380, Validation Acc: 87.660%
Saving improved model..

Epoch: 16/100 - LR: 0.01000
Train Loss: 0.227, Train Acc: 92.060%
Validation Loss: 0.436, Validation Acc: 86.590%

Epoch: 17/100 - LR: 0.01000
Train Loss: 0.213, Train Acc: 92.492%
Validation Loss: 0.448, Validation Acc: 86.350%

Epoch: 18/100 - LR: 0.01000
Train Loss: 0.207, Train Acc: 92.854%
Validation Loss: 0.401, Validation Acc: 87.610%

Epoch: 19/100 - LR: 0.01000
Train Loss: 0.191, Train Acc: 93.248%
Validation Loss: 0.522, Validation Acc: 84.080%

Epoch: 20/100 - LR: 0.01000
Train Loss: 0.183, Train Acc: 93.646%
Validation Loss: 0.400, Validation Acc: 87.430%

Epoch: 21/100 - LR: 0.01000
Train Loss: 0.173, Train Acc: 93.902%
Validation Loss: 0.423, Validation Acc: 87.710%
Saving improved model..

Epoch: 22/100 - LR: 0.01000
Train Loss: 0.170, Train Acc: 94.130%
Validation Loss: 0.442, Validation Acc: 86.420%

Epoch: 23/100 - LR: 0.01000
Train Loss: 0.160, Train Acc: 94.352%
Validation Loss: 0.406, Validation Acc: 88.030%
Saving improved model..

Epoch: 24/100 - LR: 0.01000
Train Loss: 0.152, Train Acc: 94.600%
Validation Loss: 0.431, Validation Acc: 87.410%

Epoch: 25/100 - LR: 0.01000
Train Loss: 0.145, Train Acc: 94.870%
Validation Loss: 0.395, Validation Acc: 88.740%
Saving improved model..

Epoch: 26/100 - LR: 0.01000
Train Loss: 0.140, Train Acc: 95.062%
Validation Loss: 0.425, Validation Acc: 87.510%

Epoch: 27/100 - LR: 0.01000
Train Loss: 0.137, Train Acc: 95.178%
Validation Loss: 0.395, Validation Acc: 88.310%

Epoch: 28/100 - LR: 0.01000
Train Loss: 0.127, Train Acc: 95.576%
Validation Loss: 0.376, Validation Acc: 88.820%
Saving improved model..

Epoch: 29/100 - LR: 0.01000
Train Loss: 0.120, Train Acc: 95.750%
Validation Loss: 0.457, Validation Acc: 87.800%

Epoch: 30/100 - LR: 0.01000
Train Loss: 0.119, Train Acc: 95.864%
Validation Loss: 0.381, Validation Acc: 88.700%

Epoch: 31/100 - LR: 0.01000
Train Loss: 0.112, Train Acc: 96.048%
Validation Loss: 0.412, Validation Acc: 88.580%

Epoch: 32/100 - LR: 0.01000
Train Loss: 0.112, Train Acc: 96.100%
Validation Loss: 0.314, Validation Acc: 90.660%
Saving improved model..

Epoch: 33/100 - LR: 0.01000
Train Loss: 0.102, Train Acc: 96.410%
Validation Loss: 0.346, Validation Acc: 90.150%

Epoch: 34/100 - LR: 0.01000
Train Loss: 0.100, Train Acc: 96.522%
Validation Loss: 0.368, Validation Acc: 89.250%

Epoch: 35/100 - LR: 0.01000
Train Loss: 0.098, Train Acc: 96.506%
Validation Loss: 0.411, Validation Acc: 88.900%

Epoch: 36/100 - LR: 0.01000
Train Loss: 0.094, Train Acc: 96.610%
Validation Loss: 0.327, Validation Acc: 90.680%
Saving improved model..

Epoch: 37/100 - LR: 0.01000
Train Loss: 0.092, Train Acc: 96.736%
Validation Loss: 0.382, Validation Acc: 88.950%

Epoch: 38/100 - LR: 0.01000
Train Loss: 0.089, Train Acc: 96.892%
Validation Loss: 0.372, Validation Acc: 89.850%

Epoch: 39/100 - LR: 0.01000
Train Loss: 0.087, Train Acc: 96.964%
Validation Loss: 0.369, Validation Acc: 89.760%

Epoch: 40/100 - LR: 0.01000
Train Loss: 0.083, Train Acc: 97.094%
Validation Loss: 0.343, Validation Acc: 90.620%

Epoch: 41/100 - LR: 0.01000
Train Loss: 0.080, Train Acc: 97.188%
Validation Loss: 0.439, Validation Acc: 88.140%

Epoch: 42/100 - LR: 0.01000
Train Loss: 0.082, Train Acc: 97.186%
Validation Loss: 0.353, Validation Acc: 90.780%
Saving improved model..

Epoch: 43/100 - LR: 0.01000
Train Loss: 0.078, Train Acc: 97.266%
Validation Loss: 0.379, Validation Acc: 90.070%

Epoch: 44/100 - LR: 0.01000
Train Loss: 0.075, Train Acc: 97.390%
Validation Loss: 0.332, Validation Acc: 90.450%

Epoch: 45/100 - LR: 0.01000
Train Loss: 0.075, Train Acc: 97.360%
Validation Loss: 0.374, Validation Acc: 90.090%

Epoch: 46/100 - LR: 0.01000
Train Loss: 0.074, Train Acc: 97.368%
Validation Loss: 0.324, Validation Acc: 90.680%

Epoch: 47/100 - LR: 0.01000
Train Loss: 0.070, Train Acc: 97.602%
Validation Loss: 0.357, Validation Acc: 90.220%

Epoch: 48/100 - LR: 0.01000
Train Loss: 0.065, Train Acc: 97.830%
Validation Loss: 0.353, Validation Acc: 90.510%

Epoch: 49/100 - LR: 0.01000
Train Loss: 0.068, Train Acc: 97.608%
Validation Loss: 0.322, Validation Acc: 91.490%
Saving improved model..

Epoch: 50/100 - LR: 0.01000
Train Loss: 0.068, Train Acc: 97.586%
Validation Loss: 0.330, Validation Acc: 91.210%

Epoch: 51/100 - LR: 0.01000
Train Loss: 0.066, Train Acc: 97.702%
Validation Loss: 0.384, Validation Acc: 89.580%

Epoch: 52/100 - LR: 0.01000
Train Loss: 0.066, Train Acc: 97.760%
Validation Loss: 0.388, Validation Acc: 89.470%

Epoch: 53/100 - LR: 0.01000
Train Loss: 0.060, Train Acc: 97.966%
Validation Loss: 0.350, Validation Acc: 90.680%

Epoch: 54/100 - LR: 0.01000
Train Loss: 0.062, Train Acc: 97.854%
Validation Loss: 0.357, Validation Acc: 90.610%

Epoch: 55/100 - LR: 0.01000
Train Loss: 0.057, Train Acc: 98.088%
Validation Loss: 0.324, Validation Acc: 91.200%

Epoch: 56/100 - LR: 0.01000
Train Loss: 0.062, Train Acc: 97.844%
Validation Loss: 0.349, Validation Acc: 90.100%

Epoch: 57/100 - LR: 0.01000
Train Loss: 0.070, Train Acc: 97.540%
Validation Loss: 0.360, Validation Acc: 90.270%

Epoch: 58/100 - LR: 0.01000
Train Loss: 0.058, Train Acc: 98.044%
Validation Loss: 0.353, Validation Acc: 90.790%

Epoch: 59/100 - LR: 0.01000
Train Loss: 0.056, Train Acc: 98.086%
Validation Loss: 0.347, Validation Acc: 90.670%

Epoch: 60/100 - LR: 0.01000
Train Loss: 0.055, Train Acc: 98.092%
Validation Loss: 0.382, Validation Acc: 90.310%

Epoch: 61/100 - LR: 0.01000
Train Loss: 0.056, Train Acc: 98.098%
Validation Loss: 0.319, Validation Acc: 91.580%
Saving improved model..

Epoch: 62/100 - LR: 0.01000
Train Loss: 0.055, Train Acc: 98.120%
Validation Loss: 0.342, Validation Acc: 90.940%

Epoch: 63/100 - LR: 0.01000
Train Loss: 0.062, Train Acc: 97.928%
Validation Loss: 0.384, Validation Acc: 90.010%

Epoch: 64/100 - LR: 0.01000
Train Loss: 0.058, Train Acc: 97.964%
Validation Loss: 0.322, Validation Acc: 90.750%

Epoch: 65/100 - LR: 0.01000
Train Loss: 0.060, Train Acc: 97.964%
Validation Loss: 0.369, Validation Acc: 90.320%

Epoch: 66/100 - LR: 0.01000
Train Loss: 0.055, Train Acc: 98.136%
Validation Loss: 0.359, Validation Acc: 90.340%

Epoch: 67/100 - LR: 0.01000
Train Loss: 0.055, Train Acc: 98.172%
Validation Loss: 0.328, Validation Acc: 91.040%

Epoch: 68/100 - LR: 0.01000
Train Loss: 0.051, Train Acc: 98.292%
Validation Loss: 0.312, Validation Acc: 91.590%
Saving improved model..

Epoch: 69/100 - LR: 0.01000
Train Loss: 0.050, Train Acc: 98.338%
Validation Loss: 0.379, Validation Acc: 90.470%

Epoch: 70/100 - LR: 0.01000
Train Loss: 0.060, Train Acc: 97.950%
Validation Loss: 0.348, Validation Acc: 90.840%

Epoch: 71/100 - LR: 0.01000
Train Loss: 0.060, Train Acc: 97.978%
Validation Loss: 0.311, Validation Acc: 91.700%
Saving improved model..

Epoch: 72/100 - LR: 0.01000
Train Loss: 0.054, Train Acc: 98.152%
Validation Loss: 0.339, Validation Acc: 90.940%

Epoch: 73/100 - LR: 0.01000
Train Loss: 0.056, Train Acc: 98.070%
Validation Loss: 0.343, Validation Acc: 90.360%

Epoch: 74/100 - LR: 0.01000
Train Loss: 0.058, Train Acc: 98.010%
Validation Loss: 0.356, Validation Acc: 90.610%

Epoch: 75/100 - LR: 0.01000
Train Loss: 0.054, Train Acc: 98.198%
Validation Loss: 0.358, Validation Acc: 90.650%

Epoch: 76/100 - LR: 0.01000
Train Loss: 0.051, Train Acc: 98.224%
Validation Loss: 0.358, Validation Acc: 90.470%

Epoch: 77/100 - LR: 0.01000
Train Loss: 0.053, Train Acc: 98.266%
Validation Loss: 0.400, Validation Acc: 89.790%

Epoch: 78/100 - LR: 0.01000
Train Loss: 0.055, Train Acc: 98.180%
Validation Loss: 0.359, Validation Acc: 90.190%

Epoch: 79/100 - LR: 0.01000
Train Loss: 0.051, Train Acc: 98.282%
Validation Loss: 0.397, Validation Acc: 90.110%

Epoch: 80/100 - LR: 0.01000
Train Loss: 0.057, Train Acc: 98.064%
Validation Loss: 0.344, Validation Acc: 90.860%

Epoch: 81/100 - LR: 0.01000
Train Loss: 0.053, Train Acc: 98.280%
Validation Loss: 0.373, Validation Acc: 90.350%

Epoch: 82/100 - LR: 0.01000
Train Loss: 0.055, Train Acc: 98.136%
Validation Loss: 0.333, Validation Acc: 91.400%

Epoch: 83/100 - LR: 0.01000
Train Loss: 0.055, Train Acc: 98.172%
Validation Loss: 0.332, Validation Acc: 90.690%

Epoch: 84/100 - LR: 0.01000
Train Loss: 0.053, Train Acc: 98.186%
Validation Loss: 0.373, Validation Acc: 89.850%

Epoch: 85/100 - LR: 0.01000
Train Loss: 0.053, Train Acc: 98.202%
Validation Loss: 0.333, Validation Acc: 90.950%

Epoch: 86/100 - LR: 0.01000
Train Loss: 0.055, Train Acc: 98.130%
Validation Loss: 0.313, Validation Acc: 91.160%

Epoch: 87/100 - LR: 0.01000
Train Loss: 0.050, Train Acc: 98.348%
Validation Loss: 0.314, Validation Acc: 91.360%

Epoch: 88/100 - LR: 0.01000
Train Loss: 0.056, Train Acc: 98.068%
Validation Loss: 0.336, Validation Acc: 90.920%

Epoch: 89/100 - LR: 0.01000
Train Loss: 0.053, Train Acc: 98.160%
Validation Loss: 0.313, Validation Acc: 91.310%

Epoch: 90/100 - LR: 0.01000
Train Loss: 0.052, Train Acc: 98.282%
Validation Loss: 0.328, Validation Acc: 91.070%

Epoch: 91/100 - LR: 0.01000
Train Loss: 0.051, Train Acc: 98.352%
Validation Loss: 0.313, Validation Acc: 91.470%

Epoch: 92/100 - LR: 0.01000
Train Loss: 0.056, Train Acc: 98.104%
Validation Loss: 0.361, Validation Acc: 89.880%

Epoch: 93/100 - LR: 0.01000
Train Loss: 0.055, Train Acc: 98.172%
Validation Loss: 0.346, Validation Acc: 90.790%

Epoch: 94/100 - LR: 0.01000
Train Loss: 0.047, Train Acc: 98.486%
Validation Loss: 0.340, Validation Acc: 90.890%

Epoch: 95/100 - LR: 0.01000
Train Loss: 0.052, Train Acc: 98.194%
Validation Loss: 0.370, Validation Acc: 90.180%

Epoch: 96/100 - LR: 0.01000
Train Loss: 0.058, Train Acc: 98.016%
Validation Loss: 0.357, Validation Acc: 90.510%

Epoch: 97/100 - LR: 0.01000
Train Loss: 0.051, Train Acc: 98.316%
Validation Loss: 0.348, Validation Acc: 90.510%

Epoch: 98/100 - LR: 0.01000
Train Loss: 0.060, Train Acc: 98.026%
Validation Loss: 0.383, Validation Acc: 89.690%

Epoch: 99/100 - LR: 0.01000
Train Loss: 0.058, Train Acc: 98.110%
Validation Loss: 0.322, Validation Acc: 91.110%

Epoch: 100/100 - LR: 0.01000
Train Loss: 0.052, Train Acc: 98.330%
Validation Loss: 0.324, Validation Acc: 91.360%
Test Accuracy: 91.700%
